#
# There is insufficient memory for the Java Runtime Environment to continue.
# Native memory allocation (malloc) failed to allocate 616336 bytes for Chunk::new
# Possible reasons:
#   The system is out of physical RAM or swap space
#   The process is running with CompressedOops enabled, and the Java Heap may be blocking the growth of the native heap
# Possible solutions:
#   Reduce memory load on the system
#   Increase physical memory or swap space
#   Check if swap backing store is full
#   Decrease Java heap size (-Xmx/-Xms)
#   Decrease number of Java threads
#   Decrease Java thread stack sizes (-Xss)
#   Set larger code cache with -XX:ReservedCodeCacheSize=
#   JVM is running with Unscaled Compressed Oops mode in which the Java heap is
#     placed in the first 4GB address space. The Java Heap base address is the
#     maximum limit for the native heap growth. Please use -XX:HeapBaseMinAddress
#     to set the Java Heap base and to place the Java Heap above 4GB virtual address.
# This output file may be truncated or incomplete.
#
#  Out of Memory Error (t:/workspace/open/src/hotspot/share/memory/arena.cpp:195), pid=5876, tid=7156
#
# JRE version: Java(TM) SE Runtime Environment (14.0+36) (build 14+36-1461)
# Java VM: Java HotSpot(TM) 64-Bit Server VM (14+36-1461, mixed mode, sharing, tiered, compressed oops, g1 gc, windows-amd64)
# No core dump will be written. Minidumps are not enabled by default on client versions of Windows
#

---------------  S U M M A R Y ------------

Command Line: -Dmaven.multiModuleProjectDirectory=C:\Users\sidnet1964\IdeaProjects\consultapp-28 -Dmaven.home=C:\Program Files\JetBrains\IntelliJ IDEA 2020.2\plugins\maven\lib\maven3 -Dclassworlds.conf=C:\Program Files\JetBrains\IntelliJ IDEA 2020.2\plugins\maven\lib\maven3\bin\m2.conf -Dmaven.ext.class.path=C:\Program Files\JetBrains\IntelliJ IDEA 2020.2\plugins\maven\lib\maven-event-listener.jar -javaagent:C:\Program Files\JetBrains\IntelliJ IDEA 2020.2\lib\idea_rt.jar=53452:C:\Program Files\JetBrains\IntelliJ IDEA 2020.2\bin -Dfile.encoding=UTF-8 org.codehaus.classworlds.Launcher -Didea.version=2020.2.1 tomcat7:run

Host: Intel(R) Core(TM) i7 CPU         870  @ 2.93GHz, 8 cores, 3G,  Windows 10 , 64 bit Build 17763 (10.0.17763.1339)
Time: Tue Sep  1 15:47:27 2020 RTZ 2 (ceia) elapsed time: 39 seconds (0d 0h 0m 39s)

---------------  T H R E A D  ---------------

Current thread (0x0000019437e14000):  JavaThread "C2 CompilerThread0" daemon [_thread_in_native, id=7156, stack(0x0000005040d00000,0x0000005040e00000)]


Current CompileTask:
C2:  39026 5294   !   4       java.net.URL::<init> (543 bytes)

Stack: [0x0000005040d00000,0x0000005040e00000]
Native frames: (J=compiled Java code, j=interpreted, Vv=VM code, C=native code)
V  [jvm.dll+0x5f83ea]
V  [jvm.dll+0x741e2a]
V  [jvm.dll+0x7435df]
V  [jvm.dll+0x743c23]
V  [jvm.dll+0x20d268]
V  [jvm.dll+0xabb07]
V  [jvm.dll+0xac1fc]
V  [jvm.dll+0x31c448]
V  [jvm.dll+0x18ce00]
V  [jvm.dll+0x1e5eda]
V  [jvm.dll+0x1e5098]
V  [jvm.dll+0x1779cc]
V  [jvm.dll+0x1f40e5]
V  [jvm.dll+0x1f22cb]
V  [jvm.dll+0x706a7d]
V  [jvm.dll+0x6ff89a]
V  [jvm.dll+0x5f72a6]
C  [ucrtbase.dll+0x21ffa]
C  [KERNEL32.DLL+0x17974]
C  [ntdll.dll+0x6a271]


---------------  P R O C E S S  ---------------

Threads class SMR info:
_java_thread_list=0x000001943c591df0, length=18, elements={
0x000001941b31f800, 0x0000019437de5800, 0x0000019437de7800, 0x0000019437e06800,
0x0000019437e07000, 0x0000019437e0d000, 0x0000019437e14000, 0x0000019437e16800,
0x0000019437e2a000, 0x0000019438832800, 0x0000019438837000, 0x0000019438835800,
0x0000019438838000, 0x0000019438839000, 0x0000019438833000, 0x0000019438834000,
0x0000019438834800, 0x0000019438836800
}

Java Threads: ( => current thread )
  0x000001941b31f800 JavaThread "main" [_thread_blocked, id=10300, stack(0x0000005040100000,0x0000005040200000)]
  0x0000019437de5800 JavaThread "Reference Handler" daemon [_thread_blocked, id=6004, stack(0x0000005040800000,0x0000005040900000)]
  0x0000019437de7800 JavaThread "Finalizer" daemon [_thread_blocked, id=9044, stack(0x0000005040900000,0x0000005040a00000)]
  0x0000019437e06800 JavaThread "Signal Dispatcher" daemon [_thread_blocked, id=7564, stack(0x0000005040a00000,0x0000005040b00000)]
  0x0000019437e07000 JavaThread "Attach Listener" daemon [_thread_blocked, id=10432, stack(0x0000005040b00000,0x0000005040c00000)]
  0x0000019437e0d000 JavaThread "Service Thread" daemon [_thread_blocked, id=10892, stack(0x0000005040c00000,0x0000005040d00000)]
=>0x0000019437e14000 JavaThread "C2 CompilerThread0" daemon [_thread_in_native, id=7156, stack(0x0000005040d00000,0x0000005040e00000)]
  0x0000019437e16800 JavaThread "C1 CompilerThread0" daemon [_thread_blocked, id=4100, stack(0x0000005040e00000,0x0000005040f00000)]
  0x0000019437e2a000 JavaThread "Sweeper thread" daemon [_thread_blocked, id=8904, stack(0x0000005040f00000,0x0000005041000000)]
  0x0000019438832800 JavaThread "Common-Cleaner" daemon [_thread_blocked, id=9664, stack(0x0000005041000000,0x0000005041100000)]
  0x0000019438837000 JavaThread "Monitor Ctrl-Break" daemon [_thread_in_native, id=11004, stack(0x0000005041100000,0x0000005041200000)]
  0x0000019438835800 JavaThread "Notification Thread" daemon [_thread_blocked, id=8632, stack(0x0000005041200000,0x0000005041300000)]
  0x0000019438838000 JavaThread "Thread-2" daemon [_thread_in_native, id=10804, stack(0x0000005041a00000,0x0000005041b00000)]
  0x0000019438839000 JavaThread "ContainerBackgroundProcessor[StandardEngine[Tomcat]]" daemon [_thread_blocked, id=10520, stack(0x0000005041b00000,0x0000005041c00000)]
  0x0000019438833000 JavaThread "http-bio-8888-Acceptor-0" daemon [_thread_in_native, id=11096, stack(0x0000005041c00000,0x0000005041d00000)]
  0x0000019438834000 JavaThread "http-bio-8888-AsyncTimeout" daemon [_thread_blocked, id=6228, stack(0x0000005041d00000,0x0000005041e00000)]
  0x0000019438834800 JavaThread "http-bio-8888-exec-1" daemon [_thread_in_native, id=7228, stack(0x0000005040000000,0x0000005040100000)]
  0x0000019438836800 JavaThread "http-bio-8888-exec-2" daemon [_thread_in_native, id=8856, stack(0x0000005041400000,0x0000005041500000)]

Other Threads:
  0x0000019437de1000 VMThread "VM Thread" [stack: 0x0000005040700000,0x0000005040800000] [id=2500]
  0x00000194388e6800 WatcherThread [stack: 0x0000005041300000,0x0000005041400000] [id=9656]
  0x000001941b34f000 GCTaskThread "GC Thread#0" [stack: 0x0000005040200000,0x0000005040300000] [id=7320]
  0x00000194398a6800 GCTaskThread "GC Thread#1" [stack: 0x0000005041500000,0x0000005041600000] [id=3592]
  0x000001941b35a800 ConcurrentGCThread "G1 Main Marker" [stack: 0x0000005040300000,0x0000005040400000] [id=6436]
  0x000001941b35c800 ConcurrentGCThread "G1 Conc#0" [stack: 0x0000005040400000,0x0000005040500000] [id=7844]
  0x000001943b500000 ConcurrentGCThread "G1 Conc#1" [stack: 0x0000005041600000,0x0000005041700000] [id=7080]
  0x000001941b3cb000 ConcurrentGCThread "G1 Refine#0" [stack: 0x0000005040500000,0x0000005040600000] [id=6308]
  0x0000019439be5000 ConcurrentGCThread "G1 Refine#1" [stack: 0x0000005041900000,0x0000005041a00000] [id=10016]
  0x000001941b3cc000 ConcurrentGCThread "G1 Young RemSet Sampling" [stack: 0x0000005040600000,0x0000005040700000] [id=1604]

Threads with active compile tasks:
C2 CompilerThread0    39059 5294   !   4       java.net.URL::<init> (543 bytes)

VM state:not at safepoint (normal execution)

VM Mutex/Monitor currently owned by a thread: None

Heap address: 0x00000000c0000000, size: 1024 MB, Compressed Oops mode: 32-bit
Narrow klass base: 0x0000000800000000, Narrow klass shift: 3
Compressed class space size: 1073741824 Address: 0x0000000800b30000

Heap:
 garbage-first heap   total 84992K, used 59093K [0x00000000c0000000, 0x0000000100000000)
  region size 1024K, 39 young (39936K), 4 survivors (4096K)
 Metaspace       used 28415K, capacity 29243K, committed 29440K, reserved 1075200K
  class space    used 3227K, capacity 3496K, committed 3584K, reserved 1048576K
Heap Regions: E=young(eden), S=young(survivor), O=old, HS=humongous(starts), HC=humongous(continues), CS=collection set, F=free, OA=open archive, CA=closed archive, TAMS=top-at-mark-start (previous, next)
|   0|0x00000000c0000000, 0x00000000c0100000, 0x00000000c0100000|100%| O|  |TAMS 0x00000000c0100000, 0x00000000c0000000| Untracked 
|   1|0x00000000c0100000, 0x00000000c0200000, 0x00000000c0200000|100%| O|  |TAMS 0x00000000c0200000, 0x00000000c0100000| Untracked 
|   2|0x00000000c0200000, 0x00000000c0300000, 0x00000000c0300000|100%| O|  |TAMS 0x00000000c0300000, 0x00000000c0200000| Untracked 
|   3|0x00000000c0300000, 0x00000000c0400000, 0x00000000c0400000|100%| O|  |TAMS 0x00000000c0400000, 0x00000000c0300000| Untracked 
|   4|0x00000000c0400000, 0x00000000c0500000, 0x00000000c0500000|100%| O|  |TAMS 0x00000000c0500000, 0x00000000c0400000| Untracked 
|   5|0x00000000c0500000, 0x00000000c0600000, 0x00000000c0600000|100%| O|  |TAMS 0x00000000c0600000, 0x00000000c0500000| Untracked 
|   6|0x00000000c0600000, 0x00000000c0700000, 0x00000000c0700000|100%| O|  |TAMS 0x00000000c0700000, 0x00000000c0600000| Untracked 
|   7|0x00000000c0700000, 0x00000000c0800000, 0x00000000c0800000|100%| O|  |TAMS 0x00000000c0800000, 0x00000000c0700000| Untracked 
|   8|0x00000000c0800000, 0x00000000c0900000, 0x00000000c0900000|100%| O|  |TAMS 0x00000000c0900000, 0x00000000c0800000| Untracked 
|   9|0x00000000c0900000, 0x00000000c0a00000, 0x00000000c0a00000|100%| O|  |TAMS 0x00000000c0a00000, 0x00000000c0900000| Untracked 
|  10|0x00000000c0a00000, 0x00000000c0b00000, 0x00000000c0b00000|100%| O|  |TAMS 0x00000000c0b00000, 0x00000000c0a00000| Untracked 
|  11|0x00000000c0b00000, 0x00000000c0bc3200, 0x00000000c0c00000| 76%| O|  |TAMS 0x00000000c0bc3200, 0x00000000c0b00000| Untracked 
|  12|0x00000000c0c00000, 0x00000000c0d00000, 0x00000000c0d00000|100%| O|  |TAMS 0x00000000c0c00000, 0x00000000c0c00000| Untracked 
|  13|0x00000000c0d00000, 0x00000000c0e00000, 0x00000000c0e00000|100%| O|  |TAMS 0x00000000c0d00000, 0x00000000c0d00000| Untracked 
|  14|0x00000000c0e00000, 0x00000000c0f00000, 0x00000000c0f00000|100%| O|  |TAMS 0x00000000c0e00000, 0x00000000c0e00000| Untracked 
|  15|0x00000000c0f00000, 0x00000000c1000000, 0x00000000c1000000|100%| O|  |TAMS 0x00000000c0f00000, 0x00000000c0f00000| Untracked 
|  16|0x00000000c1000000, 0x00000000c1100000, 0x00000000c1100000|100%| O|  |TAMS 0x00000000c1000000, 0x00000000c1000000| Untracked 
|  17|0x00000000c1100000, 0x00000000c1200000, 0x00000000c1200000|100%| O|  |TAMS 0x00000000c1100000, 0x00000000c1100000| Untracked 
|  18|0x00000000c1200000, 0x00000000c1300000, 0x00000000c1300000|100%| O|  |TAMS 0x00000000c1200000, 0x00000000c1200000| Untracked 
|  19|0x00000000c1300000, 0x00000000c1400000, 0x00000000c1400000|100%| O|  |TAMS 0x00000000c1300000, 0x00000000c1300000| Untracked 
|  20|0x00000000c1400000, 0x00000000c14b3200, 0x00000000c1500000| 69%| O|  |TAMS 0x00000000c1400000, 0x00000000c1400000| Untracked 
|  21|0x00000000c1500000, 0x00000000c1500000, 0x00000000c1600000|  0%| F|  |TAMS 0x00000000c1500000, 0x00000000c1500000| Untracked 
|  22|0x00000000c1600000, 0x00000000c1600000, 0x00000000c1700000|  0%| F|  |TAMS 0x00000000c1600000, 0x00000000c1600000| Untracked 
|  23|0x00000000c1700000, 0x00000000c1800000, 0x00000000c1800000|100%| O|  |TAMS 0x00000000c1700000, 0x00000000c1700000| Untracked 
|  24|0x00000000c1800000, 0x00000000c1800000, 0x00000000c1900000|  0%| F|  |TAMS 0x00000000c1800000, 0x00000000c1800000| Untracked 
|  25|0x00000000c1900000, 0x00000000c1900000, 0x00000000c1a00000|  0%| F|  |TAMS 0x00000000c1900000, 0x00000000c1900000| Untracked 
|  26|0x00000000c1a00000, 0x00000000c1a00000, 0x00000000c1b00000|  0%| F|  |TAMS 0x00000000c1a00000, 0x00000000c1a00000| Untracked 
|  27|0x00000000c1b00000, 0x00000000c1b00000, 0x00000000c1c00000|  0%| F|  |TAMS 0x00000000c1b00000, 0x00000000c1b00000| Untracked 
|  28|0x00000000c1c00000, 0x00000000c1c00000, 0x00000000c1d00000|  0%| F|  |TAMS 0x00000000c1c00000, 0x00000000c1c00000| Untracked 
|  29|0x00000000c1d00000, 0x00000000c1d00000, 0x00000000c1e00000|  0%| F|  |TAMS 0x00000000c1d00000, 0x00000000c1d00000| Untracked 
|  30|0x00000000c1e00000, 0x00000000c1e00000, 0x00000000c1f00000|  0%| F|  |TAMS 0x00000000c1e00000, 0x00000000c1e00000| Untracked 
|  31|0x00000000c1f00000, 0x00000000c1f00000, 0x00000000c2000000|  0%| F|  |TAMS 0x00000000c1f00000, 0x00000000c1f00000| Untracked 
|  32|0x00000000c2000000, 0x00000000c2000000, 0x00000000c2100000|  0%| F|  |TAMS 0x00000000c2000000, 0x00000000c2000000| Untracked 
|  33|0x00000000c2100000, 0x00000000c2100000, 0x00000000c2200000|  0%| F|  |TAMS 0x00000000c2100000, 0x00000000c2100000| Untracked 
|  34|0x00000000c2200000, 0x00000000c2200000, 0x00000000c2300000|  0%| F|  |TAMS 0x00000000c2200000, 0x00000000c2200000| Untracked 
|  35|0x00000000c2300000, 0x00000000c2300000, 0x00000000c2400000|  0%| F|  |TAMS 0x00000000c2300000, 0x00000000c2300000| Untracked 
|  36|0x00000000c2400000, 0x00000000c2400000, 0x00000000c2500000|  0%| F|  |TAMS 0x00000000c2400000, 0x00000000c2400000| Untracked 
|  37|0x00000000c2500000, 0x00000000c2500000, 0x00000000c2600000|  0%| F|  |TAMS 0x00000000c2500000, 0x00000000c2500000| Untracked 
|  38|0x00000000c2600000, 0x00000000c2600000, 0x00000000c2700000|  0%| F|  |TAMS 0x00000000c2600000, 0x00000000c2600000| Untracked 
|  39|0x00000000c2700000, 0x00000000c2700000, 0x00000000c2800000|  0%| F|  |TAMS 0x00000000c2700000, 0x00000000c2700000| Untracked 
|  40|0x00000000c2800000, 0x00000000c283f258, 0x00000000c2900000| 24%| S|CS|TAMS 0x00000000c2800000, 0x00000000c2800000| Complete 
|  41|0x00000000c2900000, 0x00000000c2a00000, 0x00000000c2a00000|100%| S|CS|TAMS 0x00000000c2900000, 0x00000000c2900000| Complete 
|  42|0x00000000c2a00000, 0x00000000c2b00000, 0x00000000c2b00000|100%| S|CS|TAMS 0x00000000c2a00000, 0x00000000c2a00000| Complete 
|  43|0x00000000c2b00000, 0x00000000c2c00000, 0x00000000c2c00000|100%| S|CS|TAMS 0x00000000c2b00000, 0x00000000c2b00000| Complete 
|  44|0x00000000c2c00000, 0x00000000c2c00000, 0x00000000c2d00000|  0%| F|  |TAMS 0x00000000c2c00000, 0x00000000c2c00000| Untracked 
|  45|0x00000000c2d00000, 0x00000000c2d00000, 0x00000000c2e00000|  0%| F|  |TAMS 0x00000000c2d00000, 0x00000000c2d00000| Untracked 
|  46|0x00000000c2e00000, 0x00000000c2e00000, 0x00000000c2f00000|  0%| F|  |TAMS 0x00000000c2e00000, 0x00000000c2e00000| Untracked 
|  47|0x00000000c2f00000, 0x00000000c2f00000, 0x00000000c3000000|  0%| F|  |TAMS 0x00000000c2f00000, 0x00000000c2f00000| Untracked 
|  48|0x00000000c3000000, 0x00000000c3065b68, 0x00000000c3100000| 39%| E|  |TAMS 0x00000000c3000000, 0x00000000c3000000| Complete 
|  49|0x00000000c3100000, 0x00000000c3200000, 0x00000000c3200000|100%| E|CS|TAMS 0x00000000c3100000, 0x00000000c3100000| Complete 
|  50|0x00000000c3200000, 0x00000000c3300000, 0x00000000c3300000|100%| E|CS|TAMS 0x00000000c3200000, 0x00000000c3200000| Complete 
|  51|0x00000000c3300000, 0x00000000c3400000, 0x00000000c3400000|100%| E|CS|TAMS 0x00000000c3300000, 0x00000000c3300000| Complete 
|  52|0x00000000c3400000, 0x00000000c3500000, 0x00000000c3500000|100%| E|CS|TAMS 0x00000000c3400000, 0x00000000c3400000| Complete 
|  53|0x00000000c3500000, 0x00000000c3600000, 0x00000000c3600000|100%| E|CS|TAMS 0x00000000c3500000, 0x00000000c3500000| Complete 
|  54|0x00000000c3600000, 0x00000000c3700000, 0x00000000c3700000|100%| E|CS|TAMS 0x00000000c3600000, 0x00000000c3600000| Complete 
|  55|0x00000000c3700000, 0x00000000c3800000, 0x00000000c3800000|100%| E|CS|TAMS 0x00000000c3700000, 0x00000000c3700000| Complete 
|  56|0x00000000c3800000, 0x00000000c3900000, 0x00000000c3900000|100%| E|CS|TAMS 0x00000000c3800000, 0x00000000c3800000| Complete 
|  57|0x00000000c3900000, 0x00000000c3a00000, 0x00000000c3a00000|100%| E|CS|TAMS 0x00000000c3900000, 0x00000000c3900000| Complete 
|  58|0x00000000c3a00000, 0x00000000c3b00000, 0x00000000c3b00000|100%| E|CS|TAMS 0x00000000c3a00000, 0x00000000c3a00000| Complete 
|  59|0x00000000c3b00000, 0x00000000c3c00000, 0x00000000c3c00000|100%| E|  |TAMS 0x00000000c3b00000, 0x00000000c3b00000| Complete 
|  60|0x00000000c3c00000, 0x00000000c3d00000, 0x00000000c3d00000|100%| E|CS|TAMS 0x00000000c3c00000, 0x00000000c3c00000| Complete 
|  61|0x00000000c3d00000, 0x00000000c3e00000, 0x00000000c3e00000|100%| E|CS|TAMS 0x00000000c3d00000, 0x00000000c3d00000| Complete 
|  62|0x00000000c3e00000, 0x00000000c3f00000, 0x00000000c3f00000|100%| E|CS|TAMS 0x00000000c3e00000, 0x00000000c3e00000| Complete 
|  63|0x00000000c3f00000, 0x00000000c4000000, 0x00000000c4000000|100%| E|CS|TAMS 0x00000000c3f00000, 0x00000000c3f00000| Complete 
|  64|0x00000000c4000000, 0x00000000c4100000, 0x00000000c4100000|100%| E|CS|TAMS 0x00000000c4000000, 0x00000000c4000000| Complete 
|  65|0x00000000c4100000, 0x00000000c4200000, 0x00000000c4200000|100%| E|CS|TAMS 0x00000000c4100000, 0x00000000c4100000| Complete 
|  66|0x00000000c4200000, 0x00000000c4300000, 0x00000000c4300000|100%| E|CS|TAMS 0x00000000c4200000, 0x00000000c4200000| Complete 
|  67|0x00000000c4300000, 0x00000000c4400000, 0x00000000c4400000|100%| E|CS|TAMS 0x00000000c4300000, 0x00000000c4300000| Complete 
|  68|0x00000000c4400000, 0x00000000c4500000, 0x00000000c4500000|100%| E|CS|TAMS 0x00000000c4400000, 0x00000000c4400000| Complete 
|  69|0x00000000c4500000, 0x00000000c4600000, 0x00000000c4600000|100%| E|CS|TAMS 0x00000000c4500000, 0x00000000c4500000| Complete 
|  70|0x00000000c4600000, 0x00000000c4700000, 0x00000000c4700000|100%| E|CS|TAMS 0x00000000c4600000, 0x00000000c4600000| Complete 
|  71|0x00000000c4700000, 0x00000000c4800000, 0x00000000c4800000|100%| E|CS|TAMS 0x00000000c4700000, 0x00000000c4700000| Complete 
|  72|0x00000000c4800000, 0x00000000c4900000, 0x00000000c4900000|100%| E|CS|TAMS 0x00000000c4800000, 0x00000000c4800000| Complete 
|  73|0x00000000c4900000, 0x00000000c4a00000, 0x00000000c4a00000|100%| E|CS|TAMS 0x00000000c4900000, 0x00000000c4900000| Complete 
|  74|0x00000000c4a00000, 0x00000000c4b00000, 0x00000000c4b00000|100%| E|CS|TAMS 0x00000000c4a00000, 0x00000000c4a00000| Complete 
|  75|0x00000000c4b00000, 0x00000000c4c00000, 0x00000000c4c00000|100%| E|CS|TAMS 0x00000000c4b00000, 0x00000000c4b00000| Complete 
|  76|0x00000000c4c00000, 0x00000000c4d00000, 0x00000000c4d00000|100%| E|CS|TAMS 0x00000000c4c00000, 0x00000000c4c00000| Complete 
|  77|0x00000000c4d00000, 0x00000000c4e00000, 0x00000000c4e00000|100%| E|CS|TAMS 0x00000000c4d00000, 0x00000000c4d00000| Complete 
|  78|0x00000000c4e00000, 0x00000000c4f00000, 0x00000000c4f00000|100%| E|CS|TAMS 0x00000000c4e00000, 0x00000000c4e00000| Complete 
|  79|0x00000000c4f00000, 0x00000000c5000000, 0x00000000c5000000|100%| E|CS|TAMS 0x00000000c4f00000, 0x00000000c4f00000| Complete 
|  80|0x00000000c5000000, 0x00000000c5100000, 0x00000000c5100000|100%| E|CS|TAMS 0x00000000c5000000, 0x00000000c5000000| Complete 
|  81|0x00000000c5100000, 0x00000000c5200000, 0x00000000c5200000|100%| E|CS|TAMS 0x00000000c5100000, 0x00000000c5100000| Complete 
|  82|0x00000000c5200000, 0x00000000c5300000, 0x00000000c5300000|100%| E|CS|TAMS 0x00000000c5200000, 0x00000000c5200000| Complete 

Card table byte_map: [0x0000019432fe0000,0x00000194331e0000] _byte_map_base: 0x00000194329e0000

Marking Bits (Prev, Next): (CMBitMap*) 0x000001941b34f908, (CMBitMap*) 0x000001941b34f948
 Prev Bits: [0x00000194333e0000, 0x00000194343e0000)
 Next Bits: [0x00000194343e0000, 0x00000194353e0000)

Polling page: 0x00000194192e0000

Metaspace:

Usage:
  Non-class:     25.14 MB capacity,    24.62 MB ( 98%) used,   488.98 KB (  2%) free+waste,    47.31 KB ( <1%) overhead. 
      Class:      3.41 MB capacity,     3.16 MB ( 92%) used,   242.89 KB (  7%) free+waste,    21.38 KB ( <1%) overhead. 
       Both:     28.56 MB capacity,    27.78 MB ( 97%) used,   731.88 KB (  3%) free+waste,    68.69 KB ( <1%) overhead. 

Virtual space:
  Non-class space:       26.00 MB reserved,      25.25 MB ( 97%) committed 
      Class space:        1.00 GB reserved,       3.50 MB ( <1%) committed 
             Both:        1.03 GB reserved,      28.75 MB (  3%) committed 

Chunk freelists:
   Non-Class:  43.00 KB
       Class:  23.00 KB
        Both:  66.00 KB

MaxMetaspaceSize: 17179869184.00 GB
CompressedClassSpaceSize: 1.00 GB

CodeHeap 'non-profiled nmethods': size=120000Kb used=3149Kb max_used=3149Kb free=116850Kb
 bounds [0x000001942b580000, 0x000001942b8a0000, 0x0000019432ab0000]
CodeHeap 'profiled nmethods': size=120000Kb used=10329Kb max_used=10329Kb free=109671Kb
 bounds [0x0000019424050000, 0x0000019424a70000, 0x000001942b580000]
CodeHeap 'non-nmethods': size=5760Kb used=1256Kb max_used=1308Kb free=4503Kb
 bounds [0x0000019423ab0000, 0x0000019423d20000, 0x0000019424050000]
 total_blobs=7576 nmethods=4645 adapters=445
 compilation: enabled
              stopped_count=0, restarted_count=0
 full_count=0

Compilation events (20 events):
Event: 38.965 Thread 0x0000019437e16800 5312       1       ru.progwards.advanced.business.ConsView::lambda$doGet$0 (5 bytes)
Event: 38.965 Thread 0x0000019437e16800 nmethod 5312 0x000001942b891210 code [0x000001942b8913a0, 0x000001942b891438]
Event: 38.973 Thread 0x0000019437e16800 5313       1       java.util.logging.Logger::setLogManager (6 bytes)
Event: 38.973 Thread 0x0000019437e16800 nmethod 5313 0x000001942b891510 code [0x000001942b8916a0, 0x000001942b8917d8]
Event: 38.973 Thread 0x0000019437e16800 5314       1       java.util.logging.LogManager$LoggerWeakRef::setNode (6 bytes)
Event: 38.973 Thread 0x0000019437e16800 nmethod 5314 0x000001942b891890 code [0x000001942b891a20, 0x000001942b891b38]
Event: 38.975 Thread 0x0000019437e16800 5315       3       java.util.logging.LogManager$LoggerContext::ensureDefaultLogger (71 bytes)
Event: 38.976 Thread 0x0000019437e16800 nmethod 5315 0x0000019424a4a490 code [0x0000019424a4a6a0, 0x0000019424a4ad68]
Event: 38.976 Thread 0x0000019437e16800 5317       3       java.util.BitSet::checkInvariants (111 bytes)
Event: 38.976 Thread 0x0000019437e16800 nmethod 5317 0x0000019424a4af90 code [0x0000019424a4b120, 0x0000019424a4b278]
Event: 38.976 Thread 0x0000019437e16800 5316       1       java.util.logging.LogManager$LoggerWeakRef::setParentRef (6 bytes)
Event: 38.976 Thread 0x0000019437e16800 nmethod 5316 0x000001942b891b90 code [0x000001942b891d20, 0x000001942b891e38]
Event: 38.989 Thread 0x0000019437e16800 5318   !   3       java.lang.StringCoding::decode (362 bytes)
Event: 38.991 Thread 0x0000019437e16800 nmethod 5318 0x0000019424a4b310 code [0x0000019424a4b800, 0x0000019424a4e588]
Event: 38.991 Thread 0x0000019437e16800 5319       3       sun.nio.fs.WindowsPathParser::isSlash (18 bytes)
Event: 38.991 Thread 0x0000019437e16800 nmethod 5319 0x0000019424a4f390 code [0x0000019424a4f520, 0x0000019424a4f698]
Event: 39.004 Thread 0x0000019437e16800 5321       3       org.apache.catalina.core.DefaultInstanceManager::findLifecycleCallback (126 bytes)
Event: 39.006 Thread 0x0000019437e16800 nmethod 5321 0x0000019424a4f710 code [0x0000019424a4fb60, 0x0000019424a518d8]
Event: 39.010 Thread 0x0000019437e16800 5322       3       java.lang.Package$VersionInfo::getInstance (53 bytes)
Event: 39.010 Thread 0x0000019437e16800 nmethod 5322 0x0000019424a52310 code [0x0000019424a524c0, 0x0000019424a52868]

GC Heap History (20 events):
Event: 3.151 GC heap before
{Heap before GC invocations=4 (full 0):
 garbage-first heap   total 65536K, used 46261K [0x00000000c0000000, 0x0000000100000000)
  region size 1024K, 38 young (38912K), 3 survivors (3072K)
 Metaspace       used 15476K, capacity 16296K, committed 16640K, reserved 1064960K
  class space    used 1732K, capacity 1926K, committed 2048K, reserved 1048576K
}
Event: 3.159 GC heap after
{Heap after GC invocations=5 (full 0):
 garbage-first heap   total 78848K, used 12054K [0x00000000c0000000, 0x0000000100000000)
  region size 1024K, 5 young (5120K), 5 survivors (5120K)
 Metaspace       used 15476K, capacity 16296K, committed 16640K, reserved 1064960K
  class space    used 1732K, capacity 1926K, committed 2048K, reserved 1048576K
}
Event: 3.903 GC heap before
{Heap before GC invocations=5 (full 0):
 garbage-first heap   total 78848K, used 54038K [0x00000000c0000000, 0x0000000100000000)
  region size 1024K, 46 young (47104K), 5 survivors (5120K)
 Metaspace       used 16218K, capacity 16917K, committed 17152K, reserved 1064960K
  class space    used 1779K, capacity 1966K, committed 2048K, reserved 1048576K
}
Event: 3.912 GC heap after
{Heap after GC invocations=6 (full 0):
 garbage-first heap   total 78848K, used 14215K [0x00000000c0000000, 0x0000000100000000)
  region size 1024K, 4 young (4096K), 4 survivors (4096K)
 Metaspace       used 16218K, capacity 16917K, committed 17152K, reserved 1064960K
  class space    used 1779K, capacity 1966K, committed 2048K, reserved 1048576K
}
Event: 4.301 GC heap before
{Heap before GC invocations=6 (full 0):
 garbage-first heap   total 78848K, used 30599K [0x00000000c0000000, 0x0000000100000000)
  region size 1024K, 21 young (21504K), 4 survivors (4096K)
 Metaspace       used 20541K, capacity 21107K, committed 21248K, reserved 1069056K
  class space    used 2307K, capacity 2473K, committed 2560K, reserved 1048576K
}
Event: 4.314 GC heap after
{Heap after GC invocations=7 (full 0):
 garbage-first heap   total 78848K, used 15866K [0x00000000c0000000, 0x0000000100000000)
  region size 1024K, 4 young (4096K), 4 survivors (4096K)
 Metaspace       used 20541K, capacity 21107K, committed 21248K, reserved 1069056K
  class space    used 2307K, capacity 2473K, committed 2560K, reserved 1048576K
}
Event: 4.939 GC heap before
{Heap before GC invocations=8 (full 0):
 garbage-first heap   total 58368K, used 45562K [0x00000000c0000000, 0x0000000100000000)
  region size 1024K, 34 young (34816K), 4 survivors (4096K)
 Metaspace       used 23250K, capacity 23972K, committed 24064K, reserved 1071104K
  class space    used 2588K, capacity 2788K, committed 2816K, reserved 1048576K
}
Event: 4.952 GC heap after
{Heap after GC invocations=9 (full 0):
 garbage-first heap   total 58368K, used 19346K [0x00000000c0000000, 0x0000000100000000)
  region size 1024K, 5 young (5120K), 5 survivors (5120K)
 Metaspace       used 23250K, capacity 23972K, committed 24064K, reserved 1071104K
  class space    used 2588K, capacity 2788K, committed 2816K, reserved 1048576K
}
Event: 5.083 GC heap before
{Heap before GC invocations=10 (full 0):
 garbage-first heap   total 58368K, used 43922K [0x00000000c0000000, 0x0000000100000000)
  region size 1024K, 29 young (29696K), 5 survivors (5120K)
 Metaspace       used 23276K, capacity 23972K, committed 24064K, reserved 1071104K
  class space    used 2588K, capacity 2788K, committed 2816K, reserved 1048576K
}
Event: 5.100 GC heap after
{Heap after GC invocations=11 (full 0):
 garbage-first heap   total 70656K, used 21817K [0x00000000c0000000, 0x0000000100000000)
  region size 1024K, 3 young (3072K), 3 survivors (3072K)
 Metaspace       used 23276K, capacity 23972K, committed 24064K, reserved 1071104K
  class space    used 2588K, capacity 2788K, committed 2816K, reserved 1048576K
}
Event: 5.315 GC heap before
{Heap before GC invocations=11 (full 0):
 garbage-first heap   total 70656K, used 53561K [0x00000000c0000000, 0x0000000100000000)
  region size 1024K, 34 young (34816K), 3 survivors (3072K)
 Metaspace       used 23323K, capacity 23972K, committed 24064K, reserved 1071104K
  class space    used 2589K, capacity 2788K, committed 2816K, reserved 1048576K
}
Event: 5.322 GC heap after
{Heap after GC invocations=12 (full 0):
 garbage-first heap   total 70656K, used 22976K [0x00000000c0000000, 0x0000000100000000)
  region size 1024K, 4 young (4096K), 4 survivors (4096K)
 Metaspace       used 23323K, capacity 23972K, committed 24064K, reserved 1071104K
  class space    used 2589K, capacity 2788K, committed 2816K, reserved 1048576K
}
Event: 5.470 GC heap before
{Heap before GC invocations=12 (full 0):
 garbage-first heap   total 70656K, used 54720K [0x00000000c0000000, 0x0000000100000000)
  region size 1024K, 35 young (35840K), 4 survivors (4096K)
 Metaspace       used 23329K, capacity 23972K, committed 24064K, reserved 1071104K
  class space    used 2589K, capacity 2788K, committed 2816K, reserved 1048576K
}
Event: 5.478 GC heap after
{Heap after GC invocations=13 (full 0):
 garbage-first heap   total 70656K, used 23150K [0x00000000c0000000, 0x0000000100000000)
  region size 1024K, 4 young (4096K), 4 survivors (4096K)
 Metaspace       used 23329K, capacity 23972K, committed 24064K, reserved 1071104K
  class space    used 2589K, capacity 2788K, committed 2816K, reserved 1048576K
}
Event: 5.619 GC heap before
{Heap before GC invocations=13 (full 0):
 garbage-first heap   total 70656K, used 53870K [0x00000000c0000000, 0x0000000100000000)
  region size 1024K, 34 young (34816K), 4 survivors (4096K)
 Metaspace       used 23335K, capacity 23972K, committed 24064K, reserved 1071104K
  class space    used 2589K, capacity 2788K, committed 2816K, reserved 1048576K
}
Event: 5.630 GC heap after
{Heap after GC invocations=14 (full 0):
 garbage-first heap   total 70656K, used 24229K [0x00000000c0000000, 0x0000000100000000)
  region size 1024K, 3 young (3072K), 3 survivors (3072K)
 Metaspace       used 23335K, capacity 23972K, committed 24064K, reserved 1071104K
  class space    used 2589K, capacity 2788K, committed 2816K, reserved 1048576K
}
Event: 5.736 GC heap before
{Heap before GC invocations=14 (full 0):
 garbage-first heap   total 70656K, used 54949K [0x00000000c0000000, 0x0000000100000000)
  region size 1024K, 33 young (33792K), 3 survivors (3072K)
 Metaspace       used 23335K, capacity 23972K, committed 24064K, reserved 1071104K
  class space    used 2589K, capacity 2788K, committed 2816K, reserved 1048576K
}
Event: 5.744 GC heap after
{Heap after GC invocations=15 (full 0):
 garbage-first heap   total 84992K, used 24599K [0x00000000c0000000, 0x0000000100000000)
  region size 1024K, 3 young (3072K), 3 survivors (3072K)
 Metaspace       used 23335K, capacity 23972K, committed 24064K, reserved 1071104K
  class space    used 2589K, capacity 2788K, committed 2816K, reserved 1048576K
}
Event: 5.906 GC heap before
{Heap before GC invocations=15 (full 0):
 garbage-first heap   total 84992K, used 64535K [0x00000000c0000000, 0x0000000100000000)
  region size 1024K, 42 young (43008K), 3 survivors (3072K)
 Metaspace       used 23353K, capacity 23972K, committed 24064K, reserved 1071104K
  class space    used 2591K, capacity 2788K, committed 2816K, reserved 1048576K
}
Event: 5.914 GC heap after
{Heap after GC invocations=16 (full 0):
 garbage-first heap   total 84992K, used 25301K [0x00000000c0000000, 0x0000000100000000)
  region size 1024K, 4 young (4096K), 4 survivors (4096K)
 Metaspace       used 23353K, capacity 23972K, committed 24064K, reserved 1071104K
  class space    used 2591K, capacity 2788K, committed 2816K, reserved 1048576K
}

Deoptimization events (20 events):
Event: 38.862 Thread 0x0000019438834800 DEOPT PACKING pc=0x0000019424a246db sp=0x00000050400fc9d0
Event: 38.862 Thread 0x0000019438834800 DEOPT UNPACKING pc=0x0000019423af993f sp=0x00000050400fbe98 mode 0
Event: 38.862 Thread 0x0000019438834800 DEOPT PACKING pc=0x0000019424459f13 sp=0x00000050400fc920
Event: 38.862 Thread 0x0000019438834800 DEOPT UNPACKING pc=0x0000019423af993f sp=0x00000050400fbdf8 mode 0
Event: 38.911 Thread 0x0000019438834800 Uncommon trap: trap_request=0xffffff45 fr.pc=0x000001942b7d4860 relative=0x0000000000000b40
Event: 38.911 Thread 0x0000019438834800 Uncommon trap: reason=unstable_if action=reinterpret pc=0x000001942b7d4860 method=sun.nio.fs.WindowsPathParser.isSlash(C)Z @ 9 c2
Event: 38.911 Thread 0x0000019438834800 DEOPT PACKING pc=0x000001942b7d4860 sp=0x00000050400fd280
Event: 38.911 Thread 0x0000019438834800 DEOPT UNPACKING pc=0x0000019423af9429 sp=0x00000050400fd200 mode 2
Event: 38.957 Thread 0x0000019438834800 Uncommon trap: trap_request=0xffffff45 fr.pc=0x000001942b59a7dc relative=0x000000000000003c
Event: 38.957 Thread 0x0000019438834800 Uncommon trap: reason=unstable_if action=reinterpret pc=0x000001942b59a7dc method=sun.nio.fs.WindowsPathParser.isSlash(C)Z @ 9 c2
Event: 38.957 Thread 0x0000019438834800 DEOPT PACKING pc=0x000001942b59a7dc sp=0x00000050400fd270
Event: 38.957 Thread 0x0000019438834800 DEOPT UNPACKING pc=0x0000019423af9429 sp=0x00000050400fd1f8 mode 2
Event: 38.979 Thread 0x0000019438834800 Uncommon trap: trap_request=0xffffffde fr.pc=0x000001942b7f5f70 relative=0x0000000000000a90
Event: 38.979 Thread 0x0000019438834800 Uncommon trap: reason=class_check action=maybe_recompile pc=0x000001942b7f5f70 method=jdk.internal.loader.URLClassPath.getLoader(I)Ljdk/internal/loader/URLClassPath$Loader; @ 88 c2
Event: 38.979 Thread 0x0000019438834800 DEOPT PACKING pc=0x000001942b7f5f70 sp=0x00000050400fd540
Event: 38.979 Thread 0x0000019438834800 DEOPT UNPACKING pc=0x0000019423af9429 sp=0x00000050400fd510 mode 2
Event: 38.994 Thread 0x0000019438834800 Uncommon trap: trap_request=0xffffff45 fr.pc=0x000001942b6fb7d4 relative=0x00000000000002d4
Event: 38.994 Thread 0x0000019438834800 Uncommon trap: reason=unstable_if action=reinterpret pc=0x000001942b6fb7d4 method=java.lang.ThreadLocal$ThreadLocalMap.nextIndex(II)I @ 4 c2
Event: 38.994 Thread 0x0000019438834800 DEOPT PACKING pc=0x000001942b6fb7d4 sp=0x00000050400fd910
Event: 38.994 Thread 0x0000019438834800 DEOPT UNPACKING pc=0x0000019423af9429 sp=0x00000050400fd758 mode 2

Classes unloaded (0 events):
No events

Classes redefined (0 events):
No events

Internal exceptions (18 events):
Event: 0.179 Thread 0x000001941b31f800 Exception <a 'java/lang/NoSuchMethodError'{0x00000000c3cee178}: 'int java.lang.invoke.DirectMethodHandle$Holder.invokeSpecialIFC(java.lang.Object, java.lang.Object, int)'> (0x00000000c3cee178) 
thrown [t:/workspace/open/src/hotspot/share/interpreter/linkResolver.cpp, line 766]
Event: 0.218 Thread 0x000001941b31f800 Exception <a 'java/lang/NoSuchMethodError'{0x00000000c3bf61d8}: 'java.lang.Object java.lang.invoke.DirectMethodHandle$Holder.invokeStaticInit(java.lang.Object, int, int, int, int)'> (0x00000000c3bf61d8) 
thrown [t:/workspace/open/src/hotspot/share/interpreter/linkResolver.cpp, line 766]
Event: 0.270 Thread 0x000001941b31f800 Exception <a 'java/lang/NoSuchMethodError'{0x00000000c3a7bde0}: 'java.lang.Object java.lang.invoke.DirectMethodHandle$Holder.invokeStaticInit(java.lang.Object, java.lang.Object, int, int, int, int)'> (0x00000000c3a7bde0) 
thrown [t:/workspace/open/src/hotspot/share/interpreter/linkResolver.cpp, line 766]
Event: 1.450 Thread 0x000001941b31f800 Exception <a 'java/lang/NoClassDefFoundError'{0x00000000c332f7f0}: com/google/inject/servlet/ServletModuleTargetVisitor> (0x00000000c332f7f0) 
thrown [t:/workspace/open/src/hotspot/share/classfile/systemDictionary.cpp, line 215]
Event: 1.450 Thread 0x000001941b31f800 Exception <a 'java/lang/NoClassDefFoundError'{0x00000000c3332398}: javax/annotation/Priority> (0x00000000c3332398) 
thrown [t:/workspace/open/src/hotspot/share/classfile/systemDictionary.cpp, line 215]
Event: 2.145 Thread 0x000001941b31f800 Implicit null exception at 0x000001942b68a26e to 0x000001942b68bb20
Event: 2.146 Thread 0x000001941b31f800 Implicit null exception at 0x000001942b617025 to 0x000001942b6173e4
Event: 2.146 Thread 0x000001941b31f800 Implicit null exception at 0x000001942b5fc52f to 0x000001942b5fc5ad
Event: 2.220 Thread 0x000001941b31f800 Implicit null exception at 0x000001942b62a11e to 0x000001942b62a446
Event: 4.024 Thread 0x000001941b31f800 Exception <a 'java/io/FileNotFoundException'{0x00000000c452efb0}> (0x00000000c452efb0) 
thrown [t:/workspace/open/src/hotspot/share/prims/jni.cpp, line 599]
Event: 4.175 Thread 0x000001941b31f800 Exception <a 'java/lang/NoSuchMethodError'{0x00000000c3e29cc0}: 'java.lang.Object java.lang.invoke.DirectMethodHandle$Holder.invokeStaticInit(java.lang.Object, java.lang.Object, java.lang.Object)'> (0x00000000c3e29cc0) 
thrown [t:/workspace/open/src/hotspot/share/interpreter/linkResolver.cpp, line 766]
Event: 4.179 Thread 0x000001941b31f800 Exception <a 'java/lang/NoSuchMethodError'{0x00000000c3e41d50}: 'int java.lang.invoke.DirectMethodHandle$Holder.invokeInterface(java.lang.Object, java.lang.Object)'> (0x00000000c3e41d50) 
thrown [t:/workspace/open/src/hotspot/share/interpreter/linkResolver.cpp, line 766]
Event: 4.179 Thread 0x000001941b31f800 Exception <a 'java/lang/IncompatibleClassChangeError'{0x00000000c3e44b00}: Found class java.lang.Object, but interface was expected> (0x00000000c3e44b00) 
thrown [t:/workspace/open/src/hotspot/share/interpreter/linkResolver.cpp, line 832]
Event: 4.536 Thread 0x000001941b31f800 Exception <a 'java/lang/ClassNotFoundException'{0x00000000c2fa0400}: sun/util/logging/resources/spi/loggingProvider> (0x00000000c2fa0400) 
thrown [t:/workspace/open/src/hotspot/share/classfile/systemDictionary.cpp, line 226]
Event: 4.613 Thread 0x0000019438836800 Implicit null exception at 0x000001942b5a8de4 to 0x000001942b5a94bc
Event: 4.804 Thread 0x0000019438836800 Implicit null exception at 0x000001942b7e0f6d to 0x000001942b7e19c8
Event: 6.112 Thread 0x0000019438836800 Exception <a 'java/io/FileNotFoundException'{0x00000000c4232590}> (0x00000000c4232590) 
thrown [t:/workspace/open/src/hotspot/share/prims/jni.cpp, line 599]
Event: 38.965 Thread 0x0000019438834800 Exception <a 'java/lang/NoSuchMethodError'{0x00000000c36db518}: 'java.lang.Object java.lang.invoke.Invokers$Holder.invokeExact_MT(java.lang.Object, java.lang.Object, java.lang.Object, java.lang.Object, java.lang.Object, java.lang.Object)'> (0x00000000c36db518) 
thrown [t:/workspace/open/src/hotspot/share/interpreter/linkResolver.cpp, line 766]

Events (20 events):
Event: 38.970 Executing VM operation: HandshakeOneThread
Event: 38.970 Executing VM operation: HandshakeOneThread done
Event: 38.971 loading class java/lang/AbstractMethodError
Event: 38.971 loading class java/lang/AbstractMethodError done
Event: 38.974 Executing VM operation: HandshakeOneThread
Event: 38.974 Executing VM operation: HandshakeOneThread done
Event: 38.975 Executing VM operation: HandshakeOneThread
Event: 38.975 Executing VM operation: HandshakeOneThread done
Event: 38.975 Executing VM operation: HandshakeOneThread
Event: 38.975 Executing VM operation: HandshakeOneThread done
Event: 38.976 loading class javax/naming/directory/BasicAttribute
Event: 38.976 loading class javax/naming/directory/BasicAttribute done
Event: 38.989 Executing VM operation: HandshakeOneThread
Event: 38.989 Executing VM operation: HandshakeOneThread done
Event: 38.998 loading class java/io/NotSerializableException
Event: 38.998 loading class java/io/NotSerializableException done
Event: 38.999 Executing VM operation: HandshakeOneThread
Event: 38.999 Executing VM operation: HandshakeOneThread done
Event: 39.008 loading class java/beans/IntrospectionException
Event: 39.008 loading class java/beans/IntrospectionException done


Dynamic libraries:
0x00007ff727bd0000 - 0x00007ff727bdf000 	C:\Program Files\Java\jdk-14\bin\java.exe
0x00007ffe24b40000 - 0x00007ffe24d2d000 	C:\Windows\SYSTEM32\ntdll.dll
0x00007ffe24a50000 - 0x00007ffe24b03000 	C:\Windows\System32\KERNEL32.DLL
0x00007ffe21360000 - 0x00007ffe215f4000 	C:\Windows\System32\KERNELBASE.dll
0x000000005bfe0000 - 0x000000005c073000 	C:\Windows\System32\SYSFER.DLL
0x00007ffe20ca0000 - 0x00007ffe20d9a000 	C:\Windows\System32\ucrtbase.dll
0x00007ffe15520000 - 0x00007ffe15535000 	C:\Program Files\Java\jdk-14\bin\VCRUNTIME140.dll
0x00007ffe15500000 - 0x00007ffe15518000 	C:\Program Files\Java\jdk-14\bin\jli.dll
0x00007ffe24570000 - 0x00007ffe24613000 	C:\Windows\System32\ADVAPI32.dll
0x00007ffe239d0000 - 0x00007ffe23a6e000 	C:\Windows\System32\msvcrt.dll
0x00007ffe23df0000 - 0x00007ffe23e8e000 	C:\Windows\System32\sechost.dll
0x00007ffe24760000 - 0x00007ffe24882000 	C:\Windows\System32\RPCRT4.dll
0x00007ffe21dc0000 - 0x00007ffe21f57000 	C:\Windows\System32\USER32.dll
0x00007ffe211a0000 - 0x00007ffe211c0000 	C:\Windows\System32\win32u.dll
0x00007ffe16f50000 - 0x00007ffe171c9000 	C:\Windows\WinSxS\amd64_microsoft.windows.common-controls_6595b64144ccf1df_6.0.17763.1397_none_de7645305346d5dc\COMCTL32.dll
0x00007ffe24540000 - 0x00007ffe24569000 	C:\Windows\System32\GDI32.dll
0x00007ffe24160000 - 0x00007ffe2448c000 	C:\Windows\System32\combase.dll
0x00007ffe211c0000 - 0x00007ffe2135b000 	C:\Windows\System32\gdi32full.dll
0x00007ffe21000000 - 0x00007ffe210a0000 	C:\Windows\System32\msvcp_win.dll
0x00007ffe21120000 - 0x00007ffe2119e000 	C:\Windows\System32\bcryptPrimitives.dll
0x00007ffe1c2c0000 - 0x00007ffe1c2ca000 	C:\Windows\SYSTEM32\VERSION.dll
0x00007ffe23ce0000 - 0x00007ffe23d0e000 	C:\Windows\System32\IMM32.DLL
0x00007ffe02bc0000 - 0x00007ffe02c5b000 	C:\Program Files\Java\jdk-14\bin\msvcp140.dll
0x00007ffdf2830000 - 0x00007ffdf334f000 	C:\Program Files\Java\jdk-14\bin\server\jvm.dll
0x00007ffe24040000 - 0x00007ffe24048000 	C:\Windows\System32\PSAPI.DLL
0x00007ffe1c960000 - 0x00007ffe1c969000 	C:\Windows\SYSTEM32\WSOCK32.dll
0x00007ffe23af0000 - 0x00007ffe23b5d000 	C:\Windows\System32\WS2_32.dll
0x00007ffe1e750000 - 0x00007ffe1e774000 	C:\Windows\SYSTEM32\WINMM.dll
0x00007ffe1e520000 - 0x00007ffe1e54d000 	C:\Windows\SYSTEM32\WINMMBASE.dll
0x00007ffe20da0000 - 0x00007ffe20dea000 	C:\Windows\System32\cfgmgr32.dll
0x00007ffe20b50000 - 0x00007ffe20b61000 	C:\Windows\System32\kernel.appcore.dll
0x00007ffe156c0000 - 0x00007ffe156ca000 	C:\Program Files\Java\jdk-14\bin\jimage.dll
0x00007ffe11760000 - 0x00007ffe1194d000 	C:\Windows\SYSTEM32\DBGHELP.DLL
0x00007ffe11710000 - 0x00007ffe1173a000 	C:\Windows\SYSTEM32\dbgcore.DLL
0x00007ffe15640000 - 0x00007ffe1564e000 	C:\Program Files\Java\jdk-14\bin\instrument.dll
0x00007ffe15450000 - 0x00007ffe15475000 	C:\Program Files\Java\jdk-14\bin\java.dll
0x00007ffe154b0000 - 0x00007ffe154c7000 	C:\Program Files\Java\jdk-14\bin\zip.dll
0x00007ffe224d0000 - 0x00007ffe239c8000 	C:\Windows\System32\SHELL32.dll
0x00007ffe24490000 - 0x00007ffe24539000 	C:\Windows\System32\shcore.dll
0x00007ffe21600000 - 0x00007ffe21d53000 	C:\Windows\System32\windows.storage.dll
0x00007ffe20b20000 - 0x00007ffe20b44000 	C:\Windows\System32\profapi.dll
0x00007ffe20b90000 - 0x00007ffe20bed000 	C:\Windows\System32\powrprof.dll
0x00007ffe24050000 - 0x00007ffe240a2000 	C:\Windows\System32\shlwapi.dll
0x00007ffe210a0000 - 0x00007ffe210b7000 	C:\Windows\System32\cryptsp.dll
0x00007ffe124a0000 - 0x00007ffe124b9000 	C:\Program Files\Java\jdk-14\bin\net.dll
0x00007ffe1b6d0000 - 0x00007ffe1b7c2000 	C:\Windows\SYSTEM32\WINHTTP.dll
0x00007ffe20320000 - 0x00007ffe20387000 	C:\Windows\system32\mswsock.dll
0x00007ffe12430000 - 0x00007ffe12442000 	C:\Program Files\Java\jdk-14\bin\nio.dll
0x00007ffe12410000 - 0x00007ffe1242a000 	C:\Program Files\JetBrains\IntelliJ IDEA 2020.2\bin\breakgen64.dll
0x00007ffe12490000 - 0x00007ffe124a0000 	C:\Program Files\Java\jdk-14\bin\verify.dll
0x00007ffe1fea0000 - 0x00007ffe1fed3000 	C:\Windows\system32\rsaenh.dll
0x00007ffe20fd0000 - 0x00007ffe20ff6000 	C:\Windows\System32\bcrypt.dll
0x00007ffe20a50000 - 0x00007ffe20a78000 	C:\Windows\SYSTEM32\USERENV.dll
0x00007ffe204f0000 - 0x00007ffe204fc000 	C:\Windows\SYSTEM32\CRYPTBASE.dll
0x00007ffe20040000 - 0x00007ffe2007d000 	C:\Windows\SYSTEM32\IPHLPAPI.DLL
0x00007ffe23cd0000 - 0x00007ffe23cd8000 	C:\Windows\System32\NSI.dll
0x00007ffe1b140000 - 0x00007ffe1b156000 	C:\Windows\SYSTEM32\dhcpcsvc6.DLL
0x00007ffe19220000 - 0x00007ffe1923c000 	C:\Windows\SYSTEM32\dhcpcsvc.DLL
0x00007ffe20090000 - 0x00007ffe20157000 	C:\Windows\SYSTEM32\DNSAPI.dll
0x00007ffe121a0000 - 0x00007ffe121aa000 	C:\Users\sidnet1964\AppData\Local\Temp\jansi-1.17.1-4962836013599008753.dll
0x00007ffe0f610000 - 0x00007ffe0f61a000 	C:\Users\sidnet1964\AppData\Local\Temp\jansi-1.17.1-15502706648667543728.dll
0x00007ffe0f4f0000 - 0x00007ffe0f4f9000 	C:\Program Files\Java\jdk-14\bin\management.dll
0x00007ffe0e5d0000 - 0x00007ffe0e5db000 	C:\Program Files\Java\jdk-14\bin\management_ext.dll

dbghelp: loaded successfully - version: 4.0.5 - missing functions: none
symbol engine: initialized successfully - sym options: 0x614 - pdb path: .;C:\Program Files\Java\jdk-14\bin;C:\Windows\SYSTEM32;C:\Windows\WinSxS\amd64_microsoft.windows.common-controls_6595b64144ccf1df_6.0.17763.1397_none_de7645305346d5dc;C:\Program Files\Java\jdk-14\bin\server;C:\Program Files\JetBrains\IntelliJ IDEA 2020.2\bin;C:\Users\sidnet1964\AppData\Local\Temp

VM Arguments:
jvm_args: -Dmaven.multiModuleProjectDirectory=C:\Users\sidnet1964\IdeaProjects\consultapp-28 -Dmaven.home=C:\Program Files\JetBrains\IntelliJ IDEA 2020.2\plugins\maven\lib\maven3 -Dclassworlds.conf=C:\Program Files\JetBrains\IntelliJ IDEA 2020.2\plugins\maven\lib\maven3\bin\m2.conf -Dmaven.ext.class.path=C:\Program Files\JetBrains\IntelliJ IDEA 2020.2\plugins\maven\lib\maven-event-listener.jar -javaagent:C:\Program Files\JetBrains\IntelliJ IDEA 2020.2\lib\idea_rt.jar=53452:C:\Program Files\JetBrains\IntelliJ IDEA 2020.2\bin -Dfile.encoding=UTF-8 
java_command: org.codehaus.classworlds.Launcher -Didea.version=2020.2.1 tomcat7:run
java_class_path (initial): C:\Program Files\JetBrains\IntelliJ IDEA 2020.2\plugins\maven\lib\maven3\boot\plexus-classworlds-2.6.0.jar;C:\Program Files\JetBrains\IntelliJ IDEA 2020.2\plugins\maven\lib\maven3\boot\plexus-classworlds.license
Launcher Type: SUN_STANDARD

[Global flags]
     intx CICompilerCount                          = 4                                         {product} {ergonomic}
     uint ConcGCThreads                            = 2                                         {product} {ergonomic}
     uint G1ConcRefinementThreads                  = 8                                         {product} {ergonomic}
   size_t G1HeapRegionSize                         = 1048576                                   {product} {ergonomic}
    uintx GCDrainStackTargetSize                   = 64                                        {product} {ergonomic}
   size_t InitialHeapSize                          = 67108864                                  {product} {ergonomic}
   size_t MarkStackSize                            = 4194304                                   {product} {ergonomic}
   size_t MaxHeapSize                              = 1073741824                                {product} {ergonomic}
   size_t MaxNewSize                               = 643825664                                 {product} {ergonomic}
   size_t MinHeapDeltaBytes                        = 1048576                                   {product} {ergonomic}
   size_t MinHeapSize                              = 8388608                                   {product} {ergonomic}
    uintx NonNMethodCodeHeapSize                   = 5839372                                {pd product} {ergonomic}
    uintx NonProfiledCodeHeapSize                  = 122909434                              {pd product} {ergonomic}
    uintx ProfiledCodeHeapSize                     = 122909434                              {pd product} {ergonomic}
    uintx ReservedCodeCacheSize                    = 251658240                              {pd product} {ergonomic}
     bool SegmentedCodeCache                       = true                                      {product} {ergonomic}
   size_t SoftMaxHeapSize                          = 1073741824                             {manageable} {ergonomic}
     bool UseCompressedClassPointers               = true                                 {lp64_product} {ergonomic}
     bool UseCompressedOops                        = true                                 {lp64_product} {ergonomic}
     bool UseG1GC                                  = true                                      {product} {ergonomic}
     bool UseLargePagesIndividualAllocation        = false                                  {pd product} {ergonomic}

Logging:
Log output configuration:
 #0: stdout all=warning uptime,level,tags
 #1: stderr all=off uptime,level,tags

Environment Variables:
JAVA_HOME=C:\Program Files\Java\jdk-14
PATH=C:\Windows\system32;C:\Windows;C:\Windows\System32\Wbem;C:\Windows\System32\WindowsPowerShell\v1.0\;C:\Windows\System32\OpenSSH\;C:\Program Files\Git\cmd;C:\Program Files\Java\jdk-14\bin;D:\Apache\apache-maven-3.6.3\bin;C:\Users\sidnet1964\AppData\Local\Microsoft\WindowsApps;;C:\Program Files\JetBrains\IntelliJ IDEA 2020.2\bin;
USERNAME=sidnet1964
OS=Windows_NT
PROCESSOR_IDENTIFIER=Intel64 Family 6 Model 30 Stepping 5, GenuineIntel



---------------  S Y S T E M  ---------------

OS: Windows 10 , 64 bit Build 17763 (10.0.17763.1339)
OS uptime: 0 days 4:59 hours

CPU:total 8 (initial active 8) (4 cores per cpu, 2 threads per core) family 6 model 30 stepping 5, cmov, cx8, fxsr, mmx, sse, sse2, sse3, ssse3, sse4.1, sse4.2, popcnt, ht, tsc, tscinvbit

Memory: 4k page, system-wide physical 4094M (353M free)
TotalPageFile size 6142M (AvailPageFile size 5M)
current process WorkingSet (physical memory assigned to process): 215M, peak: 233M
current process commit charge ("private bytes"): 255M, peak: 277M

vm_info: Java HotSpot(TM) 64-Bit Server VM (14+36-1461) for windows-amd64 JRE (14+36-1461), built on Feb  6 2020 19:08:04 by "mach5one" with MS VC++ 15.9 (VS2017)

END.
